[12-Dec-2015 16:59:14 UTC] PHP Fatal error:  Class 'ToDoApp\Http\Controllers\Redirect' not found in /home/ubuntu/workspace/app/Http/Controllers/TodolistsController.php on line 53
[12-Dec-2015 16:59:14 UTC] PHP Stack trace:
[12-Dec-2015 16:59:14 UTC] PHP   1. {main}() /home/ubuntu/workspace/public/index.php:0
[12-Dec-2015 16:59:14 UTC] PHP   2. Illuminate\Foundation\Http\Kernel->handle() /home/ubuntu/workspace/public/index.php:53
[12-Dec-2015 16:59:14 UTC] PHP   3. Illuminate\Foundation\Http\Kernel->sendRequestThroughRouter() /home/ubuntu/workspace/vendor/laravel/framework/src/Illuminate/Foundation/Http/Kernel.php:84
[12-Dec-2015 16:59:14 UTC] PHP   4. Illuminate\Pipeline\Pipeline->then() /home/ubuntu/workspace/vendor/laravel/framework/src/Illuminate/Foundation/Http/Kernel.php:115
[12-Dec-2015 16:59:14 UTC] PHP   5. call_user_func:{/home/ubuntu/workspace/vendor/laravel/framework/src/Illuminate/Pipeline/Pipeline.php:101}() /home/ubuntu/workspace/vendor/laravel/framework/src/Illuminate/Pipeline/Pipeline.php:101
[12-Dec-2015 16:59:14 UTC] PHP   6. Illuminate\Pipeline\Pipeline->Illuminate\Pipeline\{closure}() /home/ubuntu/workspace/vendor/laravel/framework/src/Illuminate/Pipeline/Pipeline.php:101
[12-Dec-2015 16:59:14 UTC] PHP   7. Illuminate\Foundation\Http\Middleware\CheckForMaintenanceMode->handle() /home/ubuntu/workspace/vendor/laravel/framework/src/Illuminate/Pipeline/Pipeline.php:125
[12-Dec-2015 16:59:14 UTC] PHP   8. Illuminate\Pipeline\Pipeline->Illuminate\Pipeline\{closure}() /home/ubuntu/workspace/vendor/laravel/framework/src/Illuminate/Foundation/Http/Middleware/CheckForMaintenanceMode.php:42
[12-Dec-2015 16:59:14 UTC] PHP   9. Illuminate\Cookie\Middleware\EncryptCookies->handle() /home/ubuntu/workspace/vendor/laravel/framework/src/Illuminate/Pipeline/Pipeline.php:125
[12-Dec-2015 16:59:14 UTC] PHP  10. Illuminate\Pipeline\Pipeline->Illuminate\Pipeline\{closure}() /home/ubuntu/workspace/vendor/laravel/framework/src/Illuminate/Cookie/Middleware/EncryptCookies.php:40
[12-Dec-2015 16:59:14 UTC] PHP  11. Illuminate\Cookie\Middleware\AddQueuedCookiesToResponse->handle() /home/ubuntu/workspace/vendor/laravel/framework/src/Illuminate/Pipeline/Pipeline.php:125
[12-Dec-2015 16:59:14 UTC] PHP  12. Illuminate\Pipeline\Pipeline->Illuminate\Pipeline\{closure}() /home/ubuntu/workspace/vendor/laravel/framework/src/Illuminate/Cookie/Middleware/AddQueuedCookiesToResponse.php:36
[12-Dec-2015 16:59:14 UTC] PHP  13. Illuminate\Session\Middleware\StartSession->handle() /home/ubuntu/workspace/vendor/laravel/framework/src/Illuminate/Pipeline/Pipeline.php:125
[12-Dec-2015 16:59:14 UTC] PHP  14. Illuminate\Pipeline\Pipeline->Illuminate\Pipeline\{closure}() /home/ubuntu/workspace/vendor/laravel/framework/src/Illuminate/Session/Middleware/StartSession.php:61
[12-Dec-2015 16:59:14 UTC] PHP  15. Illuminate\View\Middleware\ShareErrorsFromSession->handle() /home/ubuntu/workspace/vendor/laravel/framework/src/Illuminate/Pipeline/Pipeline.php:125
[12-Dec-2015 16:59:14 UTC] PHP  16. Illuminate\Pipeline\Pipeline->Illuminate\Pipeline\{closure}() /home/ubuntu/workspace/vendor/laravel/framework/src/Illuminate/View/Middleware/ShareErrorsFromSession.php:55
[12-Dec-2015 16:59:14 UTC] PHP  17. ToDoApp\Http\Middleware\VerifyCsrfToken->handle() /home/ubuntu/workspace/vendor/laravel/framework/src/Illuminate/Pipeline/Pipeline.php:125
[12-Dec-2015 16:59:14 UTC] PHP  18. Illuminate\Foundation\Http\Middleware\VerifyCsrfToken->handle() /home/ubuntu/workspace/app/Http/Middleware/VerifyCsrfToken.php:17
[12-Dec-2015 16:59:14 UTC] PHP  19. Illuminate\Pipeline\Pipeline->Illuminate\Pipeline\{closure}() /home/ubuntu/workspace/vendor/laravel/framework/src/Illuminate/Foundation/Http/Middleware/VerifyCsrfToken.php:43
[12-Dec-2015 16:59:14 UTC] PHP  20. call_user_func:{/home/ubuntu/workspace/vendor/laravel/framework/src/Illuminate/Pipeline/Pipeline.php:141}() /home/ubuntu/workspace/vendor/laravel/framework/src/Illuminate/Pipeline/Pipeline.php:141
[12-Dec-2015 16:59:14 UTC] PHP  21. Illuminate\Foundation\Http\Kernel->Illuminate\Foundation\Http\{closure}() /home/ubuntu/workspace/vendor/laravel/framework/src/Illuminate/Pipeline/Pipeline.php:141
[12-Dec-2015 16:59:14 UTC] PHP  22. Illuminate\Routing\Router->dispatch() /home/ubuntu/workspace/vendor/laravel/framework/src/Illuminate/Foundation/Http/Kernel.php:214
[12-Dec-2015 16:59:14 UTC] PHP  23. Illuminate\Routing\Router->dispatchToRoute() /home/ubuntu/workspace/vendor/laravel/framework/src/Illuminate/Routing/Router.php:628
[12-Dec-2015 16:59:14 UTC] PHP  24. Illuminate\Routing\Router->runRouteWithinStack() /home/ubuntu/workspace/vendor/laravel/framework/src/Illuminate/Routing/Router.php:670
[12-Dec-2015 16:59:14 UTC] PHP  25. Illuminate\Pipeline\Pipeline->then() /home/ubuntu/workspace/vendor/laravel/framework/src/Illuminate/Routing/Router.php:703
[12-Dec-2015 16:59:14 UTC] PHP  26. call_user_func:{/home/ubuntu/workspace/vendor/laravel/framework/src/Illuminate/Pipeline/Pipeline.php:101}() /home/ubuntu/workspace/vendor/laravel/framework/src/Illuminate/Pipeline/Pipeline.php:101
[12-Dec-2015 16:59:14 UTC] PHP  27. Illuminate\Pipeline\Pipeline->Illuminate\Pipeline\{closure}() /home/ubuntu/workspace/vendor/laravel/framework/src/Illuminate/Pipeline/Pipeline.php:101
[12-Dec-2015 16:59:14 UTC] PHP  28. call_user_func:{/home/ubuntu/workspace/vendor/laravel/framework/src/Illuminate/Pipeline/Pipeline.php:141}() /home/ubuntu/workspace/vendor/laravel/framework/src/Illuminate/Pipeline/Pipeline.php:141
[12-Dec-2015 16:59:14 UTC] PHP  29. Illuminate\Routing\Router->Illuminate\Routing\{closure}() /home/ubuntu/workspace/vendor/laravel/framework/src/Illuminate/Pipeline/Pipeline.php:141
[12-Dec-2015 16:59:14 UTC] PHP  30. Illuminate\Routing\Route->run() /home/ubuntu/workspace/vendor/laravel/framework/src/Illuminate/Routing/Router.php:701
[12-Dec-2015 16:59:14 UTC] PHP  31. Illuminate\Routing\Route->runWithCustomDispatcher() /home/ubuntu/workspace/vendor/laravel/framework/src/Illuminate/Routing/Route.php:134
[12-Dec-2015 16:59:14 UTC] PHP  32. Illuminate\Routing\ControllerDispatcher->dispatch() /home/ubuntu/workspace/vendor/laravel/framework/src/Illuminate/Routing/Route.php:204
[12-Dec-2015 16:59:14 UTC] PHP  33. Illuminate\Routing\ControllerDispatcher->callWithinStack() /home/ubuntu/workspace/vendor/laravel/framework/src/Illuminate/Routing/ControllerDispatcher.php:67
[12-Dec-2015 16:59:14 UTC] PHP  34. Illuminate\Pipeline\Pipeline->then() /home/ubuntu/workspace/vendor/laravel/framework/src/Illuminate/Routing/ControllerDispatcher.php:108
[12-Dec-2015 16:59:14 UTC] PHP  35. call_user_func:{/home/ubuntu/workspace/vendor/laravel/framework/src/Illuminate/Pipeline/Pipeline.php:101}() /home/ubuntu/workspace/vendor/laravel/framework/src/Illuminate/Pipeline/Pipeline.php:101
[12-Dec-2015 16:59:14 UTC] PHP  36. Illuminate\Pipeline\Pipeline->Illuminate\Pipeline\{closure}() /home/ubuntu/workspace/vendor/laravel/framework/src/Illuminate/Pipeline/Pipeline.php:101
[12-Dec-2015 16:59:14 UTC] PHP  37. ToDoApp\Http\Middleware\Authenticate->handle() /home/ubuntu/workspace/vendor/laravel/framework/src/Illuminate/Pipeline/Pipeline.php:125
[12-Dec-2015 16:59:14 UTC] PHP  38. Illuminate\Pipeline\Pipeline->Illuminate\Pipeline\{closure}() /home/ubuntu/workspace/app/Http/Middleware/Authenticate.php:47
[12-Dec-2015 16:59:14 UTC] PHP  39. call_user_func:{/home/ubuntu/workspace/vendor/laravel/framework/src/Illuminate/Pipeline/Pipeline.php:141}() /home/ubuntu/workspace/vendor/laravel/framework/src/Illuminate/Pipeline/Pipeline.php:141
[12-Dec-2015 16:59:14 UTC] PHP  40. Illuminate\Routing\ControllerDispatcher->Illuminate\Routing\{closure}() /home/ubuntu/workspace/vendor/laravel/framework/src/Illuminate/Pipeline/Pipeline.php:141
[12-Dec-2015 16:59:14 UTC] PHP  41. Illuminate\Routing\ControllerDispatcher->call() /home/ubuntu/workspace/vendor/laravel/framework/src/Illuminate/Routing/ControllerDispatcher.php:107
[12-Dec-2015 16:59:14 UTC] PHP  42. Illuminate\Routing\Controller->callAction() /home/ubuntu/workspace/vendor/laravel/framework/src/Illuminate/Routing/ControllerDispatcher.php:162
[12-Dec-2015 16:59:14 UTC] PHP  43. call_user_func_array:{/home/ubuntu/workspace/vendor/laravel/framework/src/Illuminate/Routing/Controller.php:246}() /home/ubuntu/workspace/vendor/laravel/framework/src/Illuminate/Routing/Controller.php:246
[12-Dec-2015 16:59:14 UTC] PHP  44. ToDoApp\Http\Controllers\TodolistsController->store() /home/ubuntu/workspace/vendor/laravel/framework/src/Illuminate/Routing/Controller.php:246
[12-Dec-2015 17:50:30 UTC] PHP Parse error:  syntax error, unexpected '' => array('' (T_CONSTANT_ENCAPSED_STRING), expecting ')' in /home/ubuntu/workspace/storage/framework/views/e0bb8e690769f092926d23830ee2ff5a on line 10
[12-Dec-2015 17:50:30 UTC] PHP Stack trace:
[12-Dec-2015 17:50:30 UTC] PHP   1. {main}() /home/ubuntu/workspace/public/index.php:0
[12-Dec-2015 17:50:30 UTC] PHP   2. Illuminate\Foundation\Http\Kernel->handle() /home/ubuntu/workspace/public/index.php:53
[12-Dec-2015 17:50:30 UTC] PHP   3. Illuminate\Foundation\Http\Kernel->sendRequestThroughRouter() /home/ubuntu/workspace/vendor/laravel/framework/src/Illuminate/Foundation/Http/Kernel.php:84
[12-Dec-2015 17:50:30 UTC] PHP   4. Illuminate\Pipeline\Pipeline->then() /home/ubuntu/workspace/vendor/laravel/framework/src/Illuminate/Foundation/Http/Kernel.php:115
[12-Dec-2015 17:50:30 UTC] PHP   5. call_user_func:{/home/ubuntu/workspace/vendor/laravel/framework/src/Illuminate/Pipeline/Pipeline.php:101}() /home/ubuntu/workspace/vendor/laravel/framework/src/Illuminate/Pipeline/Pipeline.php:101
[12-Dec-2015 17:50:30 UTC] PHP   6. Illuminate\Pipeline\Pipeline->Illuminate\Pipeline\{closure}() /home/ubuntu/workspace/vendor/laravel/framework/src/Illuminate/Pipeline/Pipeline.php:101
[12-Dec-2015 17:50:30 UTC] PHP   7. Illuminate\Foundation\Http\Middleware\CheckForMaintenanceMode->handle() /home/ubuntu/workspace/vendor/laravel/framework/src/Illuminate/Pipeline/Pipeline.php:125
[12-Dec-2015 17:50:30 UTC] PHP   8. Illuminate\Pipeline\Pipeline->Illuminate\Pipeline\{closure}() /home/ubuntu/workspace/vendor/laravel/framework/src/Illuminate/Foundation/Http/Middleware/CheckForMaintenanceMode.php:42
[12-Dec-2015 17:50:30 UTC] PHP   9. Illuminate\Cookie\Middleware\EncryptCookies->handle() /home/ubuntu/workspace/vendor/laravel/framework/src/Illuminate/Pipeline/Pipeline.php:125
[12-Dec-2015 17:50:30 UTC] PHP  10. Illuminate\Pipeline\Pipeline->Illuminate\Pipeline\{closure}() /home/ubuntu/workspace/vendor/laravel/framework/src/Illuminate/Cookie/Middleware/EncryptCookies.php:40
[12-Dec-2015 17:50:30 UTC] PHP  11. Illuminate\Cookie\Middleware\AddQueuedCookiesToResponse->handle() /home/ubuntu/workspace/vendor/laravel/framework/src/Illuminate/Pipeline/Pipeline.php:125
[12-Dec-2015 17:50:30 UTC] PHP  12. Illuminate\Pipeline\Pipeline->Illuminate\Pipeline\{closure}() /home/ubuntu/workspace/vendor/laravel/framework/src/Illuminate/Cookie/Middleware/AddQueuedCookiesToResponse.php:36
[12-Dec-2015 17:50:30 UTC] PHP  13. Illuminate\Session\Middleware\StartSession->handle() /home/ubuntu/workspace/vendor/laravel/framework/src/Illuminate/Pipeline/Pipeline.php:125
[12-Dec-2015 17:50:30 UTC] PHP  14. Illuminate\Pipeline\Pipeline->Illuminate\Pipeline\{closure}() /home/ubuntu/workspace/vendor/laravel/framework/src/Illuminate/Session/Middleware/StartSession.php:61
[12-Dec-2015 17:50:30 UTC] PHP  15. Illuminate\View\Middleware\ShareErrorsFromSession->handle() /home/ubuntu/workspace/vendor/laravel/framework/src/Illuminate/Pipeline/Pipeline.php:125
[12-Dec-2015 17:50:30 UTC] PHP  16. Illuminate\Pipeline\Pipeline->Illuminate\Pipeline\{closure}() /home/ubuntu/workspace/vendor/laravel/framework/src/Illuminate/View/Middleware/ShareErrorsFromSession.php:55
[12-Dec-2015 17:50:30 UTC] PHP  17. ToDoApp\Http\Middleware\VerifyCsrfToken->handle() /home/ubuntu/workspace/vendor/laravel/framework/src/Illuminate/Pipeline/Pipeline.php:125
[12-Dec-2015 17:50:30 UTC] PHP  18. Illuminate\Foundation\Http\Middleware\VerifyCsrfToken->handle() /home/ubuntu/workspace/app/Http/Middleware/VerifyCsrfToken.php:17
[12-Dec-2015 17:50:30 UTC] PHP  19. Illuminate\Pipeline\Pipeline->Illuminate\Pipeline\{closure}() /home/ubuntu/workspace/vendor/laravel/framework/src/Illuminate/Foundation/Http/Middleware/VerifyCsrfToken.php:43
[12-Dec-2015 17:50:30 UTC] PHP  20. call_user_func:{/home/ubuntu/workspace/vendor/laravel/framework/src/Illuminate/Pipeline/Pipeline.php:141}() /home/ubuntu/workspace/vendor/laravel/framework/src/Illuminate/Pipeline/Pipeline.php:141
[12-Dec-2015 17:50:30 UTC] PHP  21. Illuminate\Foundation\Http\Kernel->Illuminate\Foundation\Http\{closure}() /home/ubuntu/workspace/vendor/laravel/framework/src/Illuminate/Pipeline/Pipeline.php:141
[12-Dec-2015 17:50:30 UTC] PHP  22. Illuminate\Routing\Router->dispatch() /home/ubuntu/workspace/vendor/laravel/framework/src/Illuminate/Foundation/Http/Kernel.php:214
[12-Dec-2015 17:50:30 UTC] PHP  23. Illuminate\Routing\Router->dispatchToRoute() /home/ubuntu/workspace/vendor/laravel/framework/src/Illuminate/Routing/Router.php:628
[12-Dec-2015 17:50:30 UTC] PHP  24. Illuminate\Routing\Router->runRouteWithinStack() /home/ubuntu/workspace/vendor/laravel/framework/src/Illuminate/Routing/Router.php:670
[12-Dec-2015 17:50:30 UTC] PHP  25. Illuminate\Pipeline\Pipeline->then() /home/ubuntu/workspace/vendor/laravel/framework/src/Illuminate/Routing/Router.php:703
[12-Dec-2015 17:50:30 UTC] PHP  26. call_user_func:{/home/ubuntu/workspace/vendor/laravel/framework/src/Illuminate/Pipeline/Pipeline.php:101}() /home/ubuntu/workspace/vendor/laravel/framework/src/Illuminate/Pipeline/Pipeline.php:101
[12-Dec-2015 17:50:30 UTC] PHP  27. Illuminate\Pipeline\Pipeline->Illuminate\Pipeline\{closure}() /home/ubuntu/workspace/vendor/laravel/framework/src/Illuminate/Pipeline/Pipeline.php:101
[12-Dec-2015 17:50:30 UTC] PHP  28. call_user_func:{/home/ubuntu/workspace/vendor/laravel/framework/src/Illuminate/Pipeline/Pipeline.php:141}() /home/ubuntu/workspace/vendor/laravel/framework/src/Illuminate/Pipeline/Pipeline.php:141
[12-Dec-2015 17:50:30 UTC] PHP  29. Illuminate\Routing\Router->Illuminate\Routing\{closure}() /home/ubuntu/workspace/vendor/laravel/framework/src/Illuminate/Pipeline/Pipeline.php:141
[12-Dec-2015 17:50:30 UTC] PHP  30. Illuminate\Routing\Router->prepareResponse() /home/ubuntu/workspace/vendor/laravel/framework/src/Illuminate/Routing/Router.php:702
[12-Dec-2015 17:50:30 UTC] PHP  31. Symfony\Component\HttpFoundation\Response->__construct() /home/ubuntu/workspace/vendor/laravel/framework/src/Illuminate/Routing/Router.php:1198
[12-Dec-2015 17:50:30 UTC] PHP  32. Illuminate\Http\Response->setContent() /home/ubuntu/workspace/vendor/symfony/http-foundation/Symfony/Component/HttpFoundation/Response.php:202
[12-Dec-2015 17:50:30 UTC] PHP  33. Illuminate\View\View->render() /home/ubuntu/workspace/vendor/laravel/framework/src/Illuminate/Http/Response.php:44
[12-Dec-2015 17:50:30 UTC] PHP  34. Illuminate\View\View->renderContents() /home/ubuntu/workspace/vendor/laravel/framework/src/Illuminate/View/View.php:78
[12-Dec-2015 17:50:30 UTC] PHP  35. Illuminate\View\View->getContents() /home/ubuntu/workspace/vendor/laravel/framework/src/Illuminate/View/View.php:104
[12-Dec-2015 17:50:30 UTC] PHP  36. Illuminate\View\Engines\CompilerEngine->get() /home/ubuntu/workspace/vendor/laravel/framework/src/Illuminate/View/View.php:136
[12-Dec-2015 17:50:30 UTC] PHP  37. Illuminate\View\Engines\PhpEngine->evaluatePath() /home/ubuntu/workspace/vendor/laravel/framework/src/Illuminate/View/Engines/CompilerEngine.php:57
[12-Dec-2015 18:34:45 UTC] PHP Fatal error:  Class 'ToDoApp\Item' not found in /home/ubuntu/workspace/app/Http/Controllers/ItemsController.php on line 39
[12-Dec-2015 18:34:45 UTC] PHP Stack trace:
[12-Dec-2015 18:34:45 UTC] PHP   1. {main}() /home/ubuntu/workspace/public/index.php:0
[12-Dec-2015 18:34:45 UTC] PHP   2. Illuminate\Foundation\Http\Kernel->handle() /home/ubuntu/workspace/public/index.php:53
[12-Dec-2015 18:34:45 UTC] PHP   3. Illuminate\Foundation\Http\Kernel->sendRequestThroughRouter() /home/ubuntu/workspace/vendor/laravel/framework/src/Illuminate/Foundation/Http/Kernel.php:84
[12-Dec-2015 18:34:45 UTC] PHP   4. Illuminate\Pipeline\Pipeline->then() /home/ubuntu/workspace/vendor/laravel/framework/src/Illuminate/Foundation/Http/Kernel.php:115
[12-Dec-2015 18:34:45 UTC] PHP   5. call_user_func:{/home/ubuntu/workspace/vendor/laravel/framework/src/Illuminate/Pipeline/Pipeline.php:101}() /home/ubuntu/workspace/vendor/laravel/framework/src/Illuminate/Pipeline/Pipeline.php:101
[12-Dec-2015 18:34:45 UTC] PHP   6. Illuminate\Pipeline\Pipeline->Illuminate\Pipeline\{closure}() /home/ubuntu/workspace/vendor/laravel/framework/src/Illuminate/Pipeline/Pipeline.php:101
[12-Dec-2015 18:34:45 UTC] PHP   7. Illuminate\Foundation\Http\Middleware\CheckForMaintenanceMode->handle() /home/ubuntu/workspace/vendor/laravel/framework/src/Illuminate/Pipeline/Pipeline.php:125
[12-Dec-2015 18:34:45 UTC] PHP   8. Illuminate\Pipeline\Pipeline->Illuminate\Pipeline\{closure}() /home/ubuntu/workspace/vendor/laravel/framework/src/Illuminate/Foundation/Http/Middleware/CheckForMaintenanceMode.php:42
[12-Dec-2015 18:34:45 UTC] PHP   9. Illuminate\Cookie\Middleware\EncryptCookies->handle() /home/ubuntu/workspace/vendor/laravel/framework/src/Illuminate/Pipeline/Pipeline.php:125
[12-Dec-2015 18:34:45 UTC] PHP  10. Illuminate\Pipeline\Pipeline->Illuminate\Pipeline\{closure}() /home/ubuntu/workspace/vendor/laravel/framework/src/Illuminate/Cookie/Middleware/EncryptCookies.php:40
[12-Dec-2015 18:34:45 UTC] PHP  11. Illuminate\Cookie\Middleware\AddQueuedCookiesToResponse->handle() /home/ubuntu/workspace/vendor/laravel/framework/src/Illuminate/Pipeline/Pipeline.php:125
[12-Dec-2015 18:34:45 UTC] PHP  12. Illuminate\Pipeline\Pipeline->Illuminate\Pipeline\{closure}() /home/ubuntu/workspace/vendor/laravel/framework/src/Illuminate/Cookie/Middleware/AddQueuedCookiesToResponse.php:36
[12-Dec-2015 18:34:45 UTC] PHP  13. Illuminate\Session\Middleware\StartSession->handle() /home/ubuntu/workspace/vendor/laravel/framework/src/Illuminate/Pipeline/Pipeline.php:125
[12-Dec-2015 18:34:45 UTC] PHP  14. Illuminate\Pipeline\Pipeline->Illuminate\Pipeline\{closure}() /home/ubuntu/workspace/vendor/laravel/framework/src/Illuminate/Session/Middleware/StartSession.php:61
[12-Dec-2015 18:34:45 UTC] PHP  15. Illuminate\View\Middleware\ShareErrorsFromSession->handle() /home/ubuntu/workspace/vendor/laravel/framework/src/Illuminate/Pipeline/Pipeline.php:125
[12-Dec-2015 18:34:45 UTC] PHP  16. Illuminate\Pipeline\Pipeline->Illuminate\Pipeline\{closure}() /home/ubuntu/workspace/vendor/laravel/framework/src/Illuminate/View/Middleware/ShareErrorsFromSession.php:55
[12-Dec-2015 18:34:45 UTC] PHP  17. ToDoApp\Http\Middleware\VerifyCsrfToken->handle() /home/ubuntu/workspace/vendor/laravel/framework/src/Illuminate/Pipeline/Pipeline.php:125
[12-Dec-2015 18:34:45 UTC] PHP  18. Illuminate\Foundation\Http\Middleware\VerifyCsrfToken->handle() /home/ubuntu/workspace/app/Http/Middleware/VerifyCsrfToken.php:17
[12-Dec-2015 18:34:45 UTC] PHP  19. Illuminate\Pipeline\Pipeline->Illuminate\Pipeline\{closure}() /home/ubuntu/workspace/vendor/laravel/framework/src/Illuminate/Foundation/Http/Middleware/VerifyCsrfToken.php:43
[12-Dec-2015 18:34:45 UTC] PHP  20. call_user_func:{/home/ubuntu/workspace/vendor/laravel/framework/src/Illuminate/Pipeline/Pipeline.php:141}() /home/ubuntu/workspace/vendor/laravel/framework/src/Illuminate/Pipeline/Pipeline.php:141
[12-Dec-2015 18:34:45 UTC] PHP  21. Illuminate\Foundation\Http\Kernel->Illuminate\Foundation\Http\{closure}() /home/ubuntu/workspace/vendor/laravel/framework/src/Illuminate/Pipeline/Pipeline.php:141
[12-Dec-2015 18:34:45 UTC] PHP  22. Illuminate\Routing\Router->dispatch() /home/ubuntu/workspace/vendor/laravel/framework/src/Illuminate/Foundation/Http/Kernel.php:214
[12-Dec-2015 18:34:45 UTC] PHP  23. Illuminate\Routing\Router->dispatchToRoute() /home/ubuntu/workspace/vendor/laravel/framework/src/Illuminate/Routing/Router.php:628
[12-Dec-2015 18:34:45 UTC] PHP  24. Illuminate\Routing\Router->runRouteWithinStack() /home/ubuntu/workspace/vendor/laravel/framework/src/Illuminate/Routing/Router.php:670
[12-Dec-2015 18:34:45 UTC] PHP  25. Illuminate\Pipeline\Pipeline->then() /home/ubuntu/workspace/vendor/laravel/framework/src/Illuminate/Routing/Router.php:703
[12-Dec-2015 18:34:45 UTC] PHP  26. call_user_func:{/home/ubuntu/workspace/vendor/laravel/framework/src/Illuminate/Pipeline/Pipeline.php:101}() /home/ubuntu/workspace/vendor/laravel/framework/src/Illuminate/Pipeline/Pipeline.php:101
[12-Dec-2015 18:34:45 UTC] PHP  27. Illuminate\Pipeline\Pipeline->Illuminate\Pipeline\{closure}() /home/ubuntu/workspace/vendor/laravel/framework/src/Illuminate/Pipeline/Pipeline.php:101
[12-Dec-2015 18:34:45 UTC] PHP  28. call_user_func:{/home/ubuntu/workspace/vendor/laravel/framework/src/Illuminate/Pipeline/Pipeline.php:141}() /home/ubuntu/workspace/vendor/laravel/framework/src/Illuminate/Pipeline/Pipeline.php:141
[12-Dec-2015 18:34:45 UTC] PHP  29. Illuminate\Routing\Router->Illuminate\Routing\{closure}() /home/ubuntu/workspace/vendor/laravel/framework/src/Illuminate/Pipeline/Pipeline.php:141
[12-Dec-2015 18:34:45 UTC] PHP  30. Illuminate\Routing\Route->run() /home/ubuntu/workspace/vendor/laravel/framework/src/Illuminate/Routing/Router.php:701
[12-Dec-2015 18:34:45 UTC] PHP  31. Illuminate\Routing\Route->runWithCustomDispatcher() /home/ubuntu/workspace/vendor/laravel/framework/src/Illuminate/Routing/Route.php:134
[12-Dec-2015 18:34:45 UTC] PHP  32. Illuminate\Routing\ControllerDispatcher->dispatch() /home/ubuntu/workspace/vendor/laravel/framework/src/Illuminate/Routing/Route.php:204
[12-Dec-2015 18:34:45 UTC] PHP  33. Illuminate\Routing\ControllerDispatcher->callWithinStack() /home/ubuntu/workspace/vendor/laravel/framework/src/Illuminate/Routing/ControllerDispatcher.php:67
[12-Dec-2015 18:34:45 UTC] PHP  34. Illuminate\Pipeline\Pipeline->then() /home/ubuntu/workspace/vendor/laravel/framework/src/Illuminate/Routing/ControllerDispatcher.php:108
[12-Dec-2015 18:34:45 UTC] PHP  35. call_user_func:{/home/ubuntu/workspace/vendor/laravel/framework/src/Illuminate/Pipeline/Pipeline.php:101}() /home/ubuntu/workspace/vendor/laravel/framework/src/Illuminate/Pipeline/Pipeline.php:101
[12-Dec-2015 18:34:45 UTC] PHP  36. Illuminate\Pipeline\Pipeline->Illuminate\Pipeline\{closure}() /home/ubuntu/workspace/vendor/laravel/framework/src/Illuminate/Pipeline/Pipeline.php:101
[12-Dec-2015 18:34:45 UTC] PHP  37. ToDoApp\Http\Middleware\Authenticate->handle() /home/ubuntu/workspace/vendor/laravel/framework/src/Illuminate/Pipeline/Pipeline.php:125
[12-Dec-2015 18:34:45 UTC] PHP  38. Illuminate\Pipeline\Pipeline->Illuminate\Pipeline\{closure}() /home/ubuntu/workspace/app/Http/Middleware/Authenticate.php:47
[12-Dec-2015 18:34:45 UTC] PHP  39. call_user_func:{/home/ubuntu/workspace/vendor/laravel/framework/src/Illuminate/Pipeline/Pipeline.php:141}() /home/ubuntu/workspace/vendor/laravel/framework/src/Illuminate/Pipeline/Pipeline.php:141
[12-Dec-2015 18:34:45 UTC] PHP  40. Illuminate\Routing\ControllerDispatcher->Illuminate\Routing\{closure}() /home/ubuntu/workspace/vendor/laravel/framework/src/Illuminate/Pipeline/Pipeline.php:141
[12-Dec-2015 18:34:45 UTC] PHP  41. Illuminate\Routing\ControllerDispatcher->call() /home/ubuntu/workspace/vendor/laravel/framework/src/Illuminate/Routing/ControllerDispatcher.php:107
[12-Dec-2015 18:34:45 UTC] PHP  42. Illuminate\Routing\Controller->callAction() /home/ubuntu/workspace/vendor/laravel/framework/src/Illuminate/Routing/ControllerDispatcher.php:162
[12-Dec-2015 18:34:45 UTC] PHP  43. call_user_func_array:{/home/ubuntu/workspace/vendor/laravel/framework/src/Illuminate/Routing/Controller.php:246}() /home/ubuntu/workspace/vendor/laravel/framework/src/Illuminate/Routing/Controller.php:246
[12-Dec-2015 18:34:45 UTC] PHP  44. ToDoApp\Http\Controllers\ItemsController->index() /home/ubuntu/workspace/vendor/laravel/framework/src/Illuminate/Routing/Controller.php:246
[12-Dec-2015 18:43:39 UTC] PHP Fatal error:  Call to undefined function except() in /home/ubuntu/workspace/app/Http/routes.php on line 22
[12-Dec-2015 18:43:39 UTC] PHP Stack trace:
[12-Dec-2015 18:43:39 UTC] PHP   1. {main}() /home/ubuntu/workspace/public/index.php:0
[12-Dec-2015 18:43:39 UTC] PHP   2. Illuminate\Foundation\Http\Kernel->handle() /home/ubuntu/workspace/public/index.php:53
[12-Dec-2015 18:43:39 UTC] PHP   3. Illuminate\Foundation\Http\Kernel->sendRequestThroughRouter() /home/ubuntu/workspace/vendor/laravel/framework/src/Illuminate/Foundation/Http/Kernel.php:84
[12-Dec-2015 18:43:39 UTC] PHP   4. Illuminate\Foundation\Http\Kernel->bootstrap() /home/ubuntu/workspace/vendor/laravel/framework/src/Illuminate/Foundation/Http/Kernel.php:110
[12-Dec-2015 18:43:39 UTC] PHP   5. Illuminate\Foundation\Application->bootstrapWith() /home/ubuntu/workspace/vendor/laravel/framework/src/Illuminate/Foundation/Http/Kernel.php:199
[12-Dec-2015 18:43:39 UTC] PHP   6. Illuminate\Foundation\Bootstrap\BootProviders->bootstrap() /home/ubuntu/workspace/vendor/laravel/framework/src/Illuminate/Foundation/Application.php:183
[12-Dec-2015 18:43:39 UTC] PHP   7. Illuminate\Foundation\Application->boot() /home/ubuntu/workspace/vendor/laravel/framework/src/Illuminate/Foundation/Bootstrap/BootProviders.php:15
[12-Dec-2015 18:43:39 UTC] PHP   8. array_walk() /home/ubuntu/workspace/vendor/laravel/framework/src/Illuminate/Foundation/Application.php:686
[12-Dec-2015 18:43:39 UTC] PHP   9. Illuminate\Foundation\Application->Illuminate\Foundation\{closure}() /home/ubuntu/workspace/vendor/laravel/framework/src/Illuminate/Foundation/Application.php:686
[12-Dec-2015 18:43:39 UTC] PHP  10. Illuminate\Foundation\Application->bootProvider() /home/ubuntu/workspace/vendor/laravel/framework/src/Illuminate/Foundation/Application.php:685
[12-Dec-2015 18:43:39 UTC] PHP  11. Illuminate\Container\Container->call() /home/ubuntu/workspace/vendor/laravel/framework/src/Illuminate/Foundation/Application.php:703
[12-Dec-2015 18:43:39 UTC] PHP  12. call_user_func_array:{/home/ubuntu/workspace/vendor/laravel/framework/src/Illuminate/Container/Container.php:526}() /home/ubuntu/workspace/vendor/laravel/framework/src/Illuminate/Container/Container.php:526
[12-Dec-2015 18:43:39 UTC] PHP  13. ToDoApp\Providers\RouteServiceProvider->boot() /home/ubuntu/workspace/vendor/laravel/framework/src/Illuminate/Container/Container.php:526
[12-Dec-2015 18:43:39 UTC] PHP  14. Illuminate\Foundation\Support\Providers\RouteServiceProvider->boot() /home/ubuntu/workspace/app/Providers/RouteServiceProvider.php:25
[12-Dec-2015 18:43:39 UTC] PHP  15. Illuminate\Foundation\Support\Providers\RouteServiceProvider->loadRoutes() /home/ubuntu/workspace/vendor/laravel/framework/src/Illuminate/Foundation/Support/Providers/RouteServiceProvider.php:31
[12-Dec-2015 18:43:39 UTC] PHP  16. Illuminate\Container\Container->call() /home/ubuntu/workspace/vendor/laravel/framework/src/Illuminate/Foundation/Support/Providers/RouteServiceProvider.php:68
[12-Dec-2015 18:43:39 UTC] PHP  17. call_user_func_array:{/home/ubuntu/workspace/vendor/laravel/framework/src/Illuminate/Container/Container.php:526}() /home/ubuntu/workspace/vendor/laravel/framework/src/Illuminate/Container/Container.php:526
[12-Dec-2015 18:43:39 UTC] PHP  18. ToDoApp\Providers\RouteServiceProvider->map() /home/ubuntu/workspace/vendor/laravel/framework/src/Illuminate/Container/Container.php:526
[12-Dec-2015 18:43:39 UTC] PHP  19. Illuminate\Routing\Router->group() /home/ubuntu/workspace/app/Providers/RouteServiceProvider.php:41
[12-Dec-2015 18:43:39 UTC] PHP  20. call_user_func:{/home/ubuntu/workspace/vendor/laravel/framework/src/Illuminate/Routing/Router.php:352}() /home/ubuntu/workspace/vendor/laravel/framework/src/Illuminate/Routing/Router.php:352
[12-Dec-2015 18:43:39 UTC] PHP  21. ToDoApp\Providers\RouteServiceProvider->ToDoApp\Providers\{closure}() /home/ubuntu/workspace/vendor/laravel/framework/src/Illuminate/Routing/Router.php:352
[12-Dec-2015 18:43:39 UTC] PHP  22. require() /home/ubuntu/workspace/app/Providers/RouteServiceProvider.php:40
[13-Dec-2015 09:13:10 UTC] PHP Parse error:  syntax error, unexpected end of file in /home/ubuntu/workspace/storage/framework/views/fba2b5951c1a2a7577fa2a37efda3271 on line 65
[13-Dec-2015 09:13:10 UTC] PHP Stack trace:
[13-Dec-2015 09:13:10 UTC] PHP   1. {main}() /home/ubuntu/workspace/public/index.php:0
[13-Dec-2015 09:13:10 UTC] PHP   2. Illuminate\Foundation\Http\Kernel->handle() /home/ubuntu/workspace/public/index.php:53
[13-Dec-2015 09:13:10 UTC] PHP   3. Illuminate\Foundation\Http\Kernel->sendRequestThroughRouter() /home/ubuntu/workspace/vendor/laravel/framework/src/Illuminate/Foundation/Http/Kernel.php:84
[13-Dec-2015 09:13:10 UTC] PHP   4. Illuminate\Pipeline\Pipeline->then() /home/ubuntu/workspace/vendor/laravel/framework/src/Illuminate/Foundation/Http/Kernel.php:115
[13-Dec-2015 09:13:10 UTC] PHP   5. call_user_func:{/home/ubuntu/workspace/vendor/laravel/framework/src/Illuminate/Pipeline/Pipeline.php:101}() /home/ubuntu/workspace/vendor/laravel/framework/src/Illuminate/Pipeline/Pipeline.php:101
[13-Dec-2015 09:13:10 UTC] PHP   6. Illuminate\Pipeline\Pipeline->Illuminate\Pipeline\{closure}() /home/ubuntu/workspace/vendor/laravel/framework/src/Illuminate/Pipeline/Pipeline.php:101
[13-Dec-2015 09:13:10 UTC] PHP   7. Illuminate\Foundation\Http\Middleware\CheckForMaintenanceMode->handle() /home/ubuntu/workspace/vendor/laravel/framework/src/Illuminate/Pipeline/Pipeline.php:125
[13-Dec-2015 09:13:10 UTC] PHP   8. Illuminate\Pipeline\Pipeline->Illuminate\Pipeline\{closure}() /home/ubuntu/workspace/vendor/laravel/framework/src/Illuminate/Foundation/Http/Middleware/CheckForMaintenanceMode.php:42
[13-Dec-2015 09:13:10 UTC] PHP   9. Illuminate\Cookie\Middleware\EncryptCookies->handle() /home/ubuntu/workspace/vendor/laravel/framework/src/Illuminate/Pipeline/Pipeline.php:125
[13-Dec-2015 09:13:10 UTC] PHP  10. Illuminate\Pipeline\Pipeline->Illuminate\Pipeline\{closure}() /home/ubuntu/workspace/vendor/laravel/framework/src/Illuminate/Cookie/Middleware/EncryptCookies.php:40
[13-Dec-2015 09:13:10 UTC] PHP  11. Illuminate\Cookie\Middleware\AddQueuedCookiesToResponse->handle() /home/ubuntu/workspace/vendor/laravel/framework/src/Illuminate/Pipeline/Pipeline.php:125
[13-Dec-2015 09:13:10 UTC] PHP  12. Illuminate\Pipeline\Pipeline->Illuminate\Pipeline\{closure}() /home/ubuntu/workspace/vendor/laravel/framework/src/Illuminate/Cookie/Middleware/AddQueuedCookiesToResponse.php:36
[13-Dec-2015 09:13:10 UTC] PHP  13. Illuminate\Session\Middleware\StartSession->handle() /home/ubuntu/workspace/vendor/laravel/framework/src/Illuminate/Pipeline/Pipeline.php:125
[13-Dec-2015 09:13:10 UTC] PHP  14. Illuminate\Pipeline\Pipeline->Illuminate\Pipeline\{closure}() /home/ubuntu/workspace/vendor/laravel/framework/src/Illuminate/Session/Middleware/StartSession.php:61
[13-Dec-2015 09:13:10 UTC] PHP  15. Illuminate\View\Middleware\ShareErrorsFromSession->handle() /home/ubuntu/workspace/vendor/laravel/framework/src/Illuminate/Pipeline/Pipeline.php:125
[13-Dec-2015 09:13:10 UTC] PHP  16. Illuminate\Pipeline\Pipeline->Illuminate\Pipeline\{closure}() /home/ubuntu/workspace/vendor/laravel/framework/src/Illuminate/View/Middleware/ShareErrorsFromSession.php:55
[13-Dec-2015 09:13:10 UTC] PHP  17. ToDoApp\Http\Middleware\VerifyCsrfToken->handle() /home/ubuntu/workspace/vendor/laravel/framework/src/Illuminate/Pipeline/Pipeline.php:125
[13-Dec-2015 09:13:10 UTC] PHP  18. Illuminate\Foundation\Http\Middleware\VerifyCsrfToken->handle() /home/ubuntu/workspace/app/Http/Middleware/VerifyCsrfToken.php:17
[13-Dec-2015 09:13:10 UTC] PHP  19. Illuminate\Pipeline\Pipeline->Illuminate\Pipeline\{closure}() /home/ubuntu/workspace/vendor/laravel/framework/src/Illuminate/Foundation/Http/Middleware/VerifyCsrfToken.php:43
[13-Dec-2015 09:13:10 UTC] PHP  20. call_user_func:{/home/ubuntu/workspace/vendor/laravel/framework/src/Illuminate/Pipeline/Pipeline.php:141}() /home/ubuntu/workspace/vendor/laravel/framework/src/Illuminate/Pipeline/Pipeline.php:141
[13-Dec-2015 09:13:10 UTC] PHP  21. Illuminate\Foundation\Http\Kernel->Illuminate\Foundation\Http\{closure}() /home/ubuntu/workspace/vendor/laravel/framework/src/Illuminate/Pipeline/Pipeline.php:141
[13-Dec-2015 09:13:10 UTC] PHP  22. Illuminate\Routing\Router->dispatch() /home/ubuntu/workspace/vendor/laravel/framework/src/Illuminate/Foundation/Http/Kernel.php:214
[13-Dec-2015 09:13:10 UTC] PHP  23. Illuminate\Routing\Router->dispatchToRoute() /home/ubuntu/workspace/vendor/laravel/framework/src/Illuminate/Routing/Router.php:628
[13-Dec-2015 09:13:10 UTC] PHP  24. Illuminate\Routing\Router->runRouteWithinStack() /home/ubuntu/workspace/vendor/laravel/framework/src/Illuminate/Routing/Router.php:670
[13-Dec-2015 09:13:10 UTC] PHP  25. Illuminate\Pipeline\Pipeline->then() /home/ubuntu/workspace/vendor/laravel/framework/src/Illuminate/Routing/Router.php:703
[13-Dec-2015 09:13:10 UTC] PHP  26. call_user_func:{/home/ubuntu/workspace/vendor/laravel/framework/src/Illuminate/Pipeline/Pipeline.php:101}() /home/ubuntu/workspace/vendor/laravel/framework/src/Illuminate/Pipeline/Pipeline.php:101
[13-Dec-2015 09:13:10 UTC] PHP  27. Illuminate\Pipeline\Pipeline->Illuminate\Pipeline\{closure}() /home/ubuntu/workspace/vendor/laravel/framework/src/Illuminate/Pipeline/Pipeline.php:101
[13-Dec-2015 09:13:10 UTC] PHP  28. call_user_func:{/home/ubuntu/workspace/vendor/laravel/framework/src/Illuminate/Pipeline/Pipeline.php:141}() /home/ubuntu/workspace/vendor/laravel/framework/src/Illuminate/Pipeline/Pipeline.php:141
[13-Dec-2015 09:13:10 UTC] PHP  29. Illuminate\Routing\Router->Illuminate\Routing\{closure}() /home/ubuntu/workspace/vendor/laravel/framework/src/Illuminate/Pipeline/Pipeline.php:141
[13-Dec-2015 09:13:10 UTC] PHP  30. Illuminate\Routing\Router->prepareResponse() /home/ubuntu/workspace/vendor/laravel/framework/src/Illuminate/Routing/Router.php:702
[13-Dec-2015 09:13:10 UTC] PHP  31. Symfony\Component\HttpFoundation\Response->__construct() /home/ubuntu/workspace/vendor/laravel/framework/src/Illuminate/Routing/Router.php:1198
[13-Dec-2015 09:13:10 UTC] PHP  32. Illuminate\Http\Response->setContent() /home/ubuntu/workspace/vendor/symfony/http-foundation/Symfony/Component/HttpFoundation/Response.php:202
[13-Dec-2015 09:13:10 UTC] PHP  33. Illuminate\View\View->render() /home/ubuntu/workspace/vendor/laravel/framework/src/Illuminate/Http/Response.php:44
[13-Dec-2015 09:13:10 UTC] PHP  34. Illuminate\View\View->renderContents() /home/ubuntu/workspace/vendor/laravel/framework/src/Illuminate/View/View.php:78
[13-Dec-2015 09:13:10 UTC] PHP  35. Illuminate\View\View->getContents() /home/ubuntu/workspace/vendor/laravel/framework/src/Illuminate/View/View.php:104
[13-Dec-2015 09:13:10 UTC] PHP  36. Illuminate\View\Engines\CompilerEngine->get() /home/ubuntu/workspace/vendor/laravel/framework/src/Illuminate/View/View.php:136
[13-Dec-2015 09:13:10 UTC] PHP  37. Illuminate\View\Engines\PhpEngine->evaluatePath() /home/ubuntu/workspace/vendor/laravel/framework/src/Illuminate/View/Engines/CompilerEngine.php:57
[13-Dec-2015 09:13:10 UTC] PHP  38. include() /home/ubuntu/workspace/vendor/laravel/framework/src/Illuminate/View/Engines/PhpEngine.php:39
[13-Dec-2015 09:13:10 UTC] PHP  39. Illuminate\View\View->render() /home/ubuntu/workspace/storage/framework/views/e0bb8e690769f092926d23830ee2ff5a:40
[13-Dec-2015 09:13:10 UTC] PHP  40. Illuminate\View\View->renderContents() /home/ubuntu/workspace/vendor/laravel/framework/src/Illuminate/View/View.php:78
[13-Dec-2015 09:13:10 UTC] PHP  41. Illuminate\View\View->getContents() /home/ubuntu/workspace/vendor/laravel/framework/src/Illuminate/View/View.php:104
[13-Dec-2015 09:13:10 UTC] PHP  42. Illuminate\View\Engines\CompilerEngine->get() /home/ubuntu/workspace/vendor/laravel/framework/src/Illuminate/View/View.php:136
[13-Dec-2015 09:13:10 UTC] PHP  43. Illuminate\View\Engines\PhpEngine->evaluatePath() /home/ubuntu/workspace/vendor/laravel/framework/src/Illuminate/View/Engines/CompilerEngine.php:57
[13-Dec-2015 09:30:12 UTC] PHP Fatal error:  Class 'Lists' not found in /home/ubuntu/workspace/storage/framework/views/e0bb8e690769f092926d23830ee2ff5a on line 5
[13-Dec-2015 09:30:12 UTC] PHP Stack trace:
[13-Dec-2015 09:30:12 UTC] PHP   1. {main}() /home/ubuntu/workspace/public/index.php:0
[13-Dec-2015 09:30:12 UTC] PHP   2. Illuminate\Foundation\Http\Kernel->handle() /home/ubuntu/workspace/public/index.php:53
[13-Dec-2015 09:30:12 UTC] PHP   3. Illuminate\Foundation\Http\Kernel->sendRequestThroughRouter() /home/ubuntu/workspace/vendor/laravel/framework/src/Illuminate/Foundation/Http/Kernel.php:84
[13-Dec-2015 09:30:12 UTC] PHP   4. Illuminate\Pipeline\Pipeline->then() /home/ubuntu/workspace/vendor/laravel/framework/src/Illuminate/Foundation/Http/Kernel.php:115
[13-Dec-2015 09:30:12 UTC] PHP   5. call_user_func:{/home/ubuntu/workspace/vendor/laravel/framework/src/Illuminate/Pipeline/Pipeline.php:101}() /home/ubuntu/workspace/vendor/laravel/framework/src/Illuminate/Pipeline/Pipeline.php:101
[13-Dec-2015 09:30:12 UTC] PHP   6. Illuminate\Pipeline\Pipeline->Illuminate\Pipeline\{closure}() /home/ubuntu/workspace/vendor/laravel/framework/src/Illuminate/Pipeline/Pipeline.php:101
[13-Dec-2015 09:30:12 UTC] PHP   7. Illuminate\Foundation\Http\Middleware\CheckForMaintenanceMode->handle() /home/ubuntu/workspace/vendor/laravel/framework/src/Illuminate/Pipeline/Pipeline.php:125
[13-Dec-2015 09:30:12 UTC] PHP   8. Illuminate\Pipeline\Pipeline->Illuminate\Pipeline\{closure}() /home/ubuntu/workspace/vendor/laravel/framework/src/Illuminate/Foundation/Http/Middleware/CheckForMaintenanceMode.php:42
[13-Dec-2015 09:30:12 UTC] PHP   9. Illuminate\Cookie\Middleware\EncryptCookies->handle() /home/ubuntu/workspace/vendor/laravel/framework/src/Illuminate/Pipeline/Pipeline.php:125
[13-Dec-2015 09:30:12 UTC] PHP  10. Illuminate\Pipeline\Pipeline->Illuminate\Pipeline\{closure}() /home/ubuntu/workspace/vendor/laravel/framework/src/Illuminate/Cookie/Middleware/EncryptCookies.php:40
[13-Dec-2015 09:30:12 UTC] PHP  11. Illuminate\Cookie\Middleware\AddQueuedCookiesToResponse->handle() /home/ubuntu/workspace/vendor/laravel/framework/src/Illuminate/Pipeline/Pipeline.php:125
[13-Dec-2015 09:30:12 UTC] PHP  12. Illuminate\Pipeline\Pipeline->Illuminate\Pipeline\{closure}() /home/ubuntu/workspace/vendor/laravel/framework/src/Illuminate/Cookie/Middleware/AddQueuedCookiesToResponse.php:36
[13-Dec-2015 09:30:12 UTC] PHP  13. Illuminate\Session\Middleware\StartSession->handle() /home/ubuntu/workspace/vendor/laravel/framework/src/Illuminate/Pipeline/Pipeline.php:125
[13-Dec-2015 09:30:12 UTC] PHP  14. Illuminate\Pipeline\Pipeline->Illuminate\Pipeline\{closure}() /home/ubuntu/workspace/vendor/laravel/framework/src/Illuminate/Session/Middleware/StartSession.php:61
[13-Dec-2015 09:30:12 UTC] PHP  15. Illuminate\View\Middleware\ShareErrorsFromSession->handle() /home/ubuntu/workspace/vendor/laravel/framework/src/Illuminate/Pipeline/Pipeline.php:125
[13-Dec-2015 09:30:12 UTC] PHP  16. Illuminate\Pipeline\Pipeline->Illuminate\Pipeline\{closure}() /home/ubuntu/workspace/vendor/laravel/framework/src/Illuminate/View/Middleware/ShareErrorsFromSession.php:55
[13-Dec-2015 09:30:12 UTC] PHP  17. ToDoApp\Http\Middleware\VerifyCsrfToken->handle() /home/ubuntu/workspace/vendor/laravel/framework/src/Illuminate/Pipeline/Pipeline.php:125
[13-Dec-2015 09:30:12 UTC] PHP  18. Illuminate\Foundation\Http\Middleware\VerifyCsrfToken->handle() /home/ubuntu/workspace/app/Http/Middleware/VerifyCsrfToken.php:17
[13-Dec-2015 09:30:12 UTC] PHP  19. Illuminate\Pipeline\Pipeline->Illuminate\Pipeline\{closure}() /home/ubuntu/workspace/vendor/laravel/framework/src/Illuminate/Foundation/Http/Middleware/VerifyCsrfToken.php:43
[13-Dec-2015 09:30:12 UTC] PHP  20. call_user_func:{/home/ubuntu/workspace/vendor/laravel/framework/src/Illuminate/Pipeline/Pipeline.php:141}() /home/ubuntu/workspace/vendor/laravel/framework/src/Illuminate/Pipeline/Pipeline.php:141
[13-Dec-2015 09:30:12 UTC] PHP  21. Illuminate\Foundation\Http\Kernel->Illuminate\Foundation\Http\{closure}() /home/ubuntu/workspace/vendor/laravel/framework/src/Illuminate/Pipeline/Pipeline.php:141
[13-Dec-2015 09:30:12 UTC] PHP  22. Illuminate\Routing\Router->dispatch() /home/ubuntu/workspace/vendor/laravel/framework/src/Illuminate/Foundation/Http/Kernel.php:214
[13-Dec-2015 09:30:12 UTC] PHP  23. Illuminate\Routing\Router->dispatchToRoute() /home/ubuntu/workspace/vendor/laravel/framework/src/Illuminate/Routing/Router.php:628
[13-Dec-2015 09:30:12 UTC] PHP  24. Illuminate\Routing\Router->runRouteWithinStack() /home/ubuntu/workspace/vendor/laravel/framework/src/Illuminate/Routing/Router.php:670
[13-Dec-2015 09:30:12 UTC] PHP  25. Illuminate\Pipeline\Pipeline->then() /home/ubuntu/workspace/vendor/laravel/framework/src/Illuminate/Routing/Router.php:703
[13-Dec-2015 09:30:12 UTC] PHP  26. call_user_func:{/home/ubuntu/workspace/vendor/laravel/framework/src/Illuminate/Pipeline/Pipeline.php:101}() /home/ubuntu/workspace/vendor/laravel/framework/src/Illuminate/Pipeline/Pipeline.php:101
[13-Dec-2015 09:30:12 UTC] PHP  27. Illuminate\Pipeline\Pipeline->Illuminate\Pipeline\{closure}() /home/ubuntu/workspace/vendor/laravel/framework/src/Illuminate/Pipeline/Pipeline.php:101
[13-Dec-2015 09:30:12 UTC] PHP  28. call_user_func:{/home/ubuntu/workspace/vendor/laravel/framework/src/Illuminate/Pipeline/Pipeline.php:141}() /home/ubuntu/workspace/vendor/laravel/framework/src/Illuminate/Pipeline/Pipeline.php:141
[13-Dec-2015 09:30:12 UTC] PHP  29. Illuminate\Routing\Router->Illuminate\Routing\{closure}() /home/ubuntu/workspace/vendor/laravel/framework/src/Illuminate/Pipeline/Pipeline.php:141
[13-Dec-2015 09:30:12 UTC] PHP  30. Illuminate\Routing\Router->prepareResponse() /home/ubuntu/workspace/vendor/laravel/framework/src/Illuminate/Routing/Router.php:702
[13-Dec-2015 09:30:12 UTC] PHP  31. Symfony\Component\HttpFoundation\Response->__construct() /home/ubuntu/workspace/vendor/laravel/framework/src/Illuminate/Routing/Router.php:1198
[13-Dec-2015 09:30:12 UTC] PHP  32. Illuminate\Http\Response->setContent() /home/ubuntu/workspace/vendor/symfony/http-foundation/Symfony/Component/HttpFoundation/Response.php:202
[13-Dec-2015 09:30:12 UTC] PHP  33. Illuminate\View\View->render() /home/ubuntu/workspace/vendor/laravel/framework/src/Illuminate/Http/Response.php:44
[13-Dec-2015 09:30:12 UTC] PHP  34. Illuminate\View\View->renderContents() /home/ubuntu/workspace/vendor/laravel/framework/src/Illuminate/View/View.php:78
[13-Dec-2015 09:30:12 UTC] PHP  35. Illuminate\View\View->getContents() /home/ubuntu/workspace/vendor/laravel/framework/src/Illuminate/View/View.php:104
[13-Dec-2015 09:30:12 UTC] PHP  36. Illuminate\View\Engines\CompilerEngine->get() /home/ubuntu/workspace/vendor/laravel/framework/src/Illuminate/View/View.php:136
[13-Dec-2015 09:30:12 UTC] PHP  37. Illuminate\View\Engines\PhpEngine->evaluatePath() /home/ubuntu/workspace/vendor/laravel/framework/src/Illuminate/View/Engines/CompilerEngine.php:57
[13-Dec-2015 09:30:12 UTC] PHP  38. include() /home/ubuntu/workspace/vendor/laravel/framework/src/Illuminate/View/Engines/PhpEngine.php:39
[13-Dec-2015 10:20:13 UTC] PHP Parse error:  syntax error, unexpected ',' in /home/ubuntu/workspace/storage/framework/views/70ab3934f6132174dbb444b9c422a8ba on line 20
[13-Dec-2015 10:20:13 UTC] PHP Stack trace:
[13-Dec-2015 10:20:13 UTC] PHP   1. {main}() /home/ubuntu/workspace/public/index.php:0
[13-Dec-2015 10:20:13 UTC] PHP   2. Illuminate\Foundation\Http\Kernel->handle() /home/ubuntu/workspace/public/index.php:53
[13-Dec-2015 10:20:13 UTC] PHP   3. Illuminate\Foundation\Http\Kernel->sendRequestThroughRouter() /home/ubuntu/workspace/vendor/laravel/framework/src/Illuminate/Foundation/Http/Kernel.php:84
[13-Dec-2015 10:20:13 UTC] PHP   4. Illuminate\Pipeline\Pipeline->then() /home/ubuntu/workspace/vendor/laravel/framework/src/Illuminate/Foundation/Http/Kernel.php:115
[13-Dec-2015 10:20:13 UTC] PHP   5. call_user_func:{/home/ubuntu/workspace/vendor/laravel/framework/src/Illuminate/Pipeline/Pipeline.php:101}() /home/ubuntu/workspace/vendor/laravel/framework/src/Illuminate/Pipeline/Pipeline.php:101
[13-Dec-2015 10:20:13 UTC] PHP   6. Illuminate\Pipeline\Pipeline->Illuminate\Pipeline\{closure}() /home/ubuntu/workspace/vendor/laravel/framework/src/Illuminate/Pipeline/Pipeline.php:101
[13-Dec-2015 10:20:13 UTC] PHP   7. Illuminate\Foundation\Http\Middleware\CheckForMaintenanceMode->handle() /home/ubuntu/workspace/vendor/laravel/framework/src/Illuminate/Pipeline/Pipeline.php:125
[13-Dec-2015 10:20:13 UTC] PHP   8. Illuminate\Pipeline\Pipeline->Illuminate\Pipeline\{closure}() /home/ubuntu/workspace/vendor/laravel/framework/src/Illuminate/Foundation/Http/Middleware/CheckForMaintenanceMode.php:42
[13-Dec-2015 10:20:13 UTC] PHP   9. Illuminate\Cookie\Middleware\EncryptCookies->handle() /home/ubuntu/workspace/vendor/laravel/framework/src/Illuminate/Pipeline/Pipeline.php:125
[13-Dec-2015 10:20:13 UTC] PHP  10. Illuminate\Pipeline\Pipeline->Illuminate\Pipeline\{closure}() /home/ubuntu/workspace/vendor/laravel/framework/src/Illuminate/Cookie/Middleware/EncryptCookies.php:40
[13-Dec-2015 10:20:13 UTC] PHP  11. Illuminate\Cookie\Middleware\AddQueuedCookiesToResponse->handle() /home/ubuntu/workspace/vendor/laravel/framework/src/Illuminate/Pipeline/Pipeline.php:125
[13-Dec-2015 10:20:13 UTC] PHP  12. Illuminate\Pipeline\Pipeline->Illuminate\Pipeline\{closure}() /home/ubuntu/workspace/vendor/laravel/framework/src/Illuminate/Cookie/Middleware/AddQueuedCookiesToResponse.php:36
[13-Dec-2015 10:20:13 UTC] PHP  13. Illuminate\Session\Middleware\StartSession->handle() /home/ubuntu/workspace/vendor/laravel/framework/src/Illuminate/Pipeline/Pipeline.php:125
[13-Dec-2015 10:20:13 UTC] PHP  14. Illuminate\Pipeline\Pipeline->Illuminate\Pipeline\{closure}() /home/ubuntu/workspace/vendor/laravel/framework/src/Illuminate/Session/Middleware/StartSession.php:61
[13-Dec-2015 10:20:13 UTC] PHP  15. Illuminate\View\Middleware\ShareErrorsFromSession->handle() /home/ubuntu/workspace/vendor/laravel/framework/src/Illuminate/Pipeline/Pipeline.php:125
[13-Dec-2015 10:20:13 UTC] PHP  16. Illuminate\Pipeline\Pipeline->Illuminate\Pipeline\{closure}() /home/ubuntu/workspace/vendor/laravel/framework/src/Illuminate/View/Middleware/ShareErrorsFromSession.php:55
[13-Dec-2015 10:20:13 UTC] PHP  17. ToDoApp\Http\Middleware\VerifyCsrfToken->handle() /home/ubuntu/workspace/vendor/laravel/framework/src/Illuminate/Pipeline/Pipeline.php:125
[13-Dec-2015 10:20:13 UTC] PHP  18. Illuminate\Foundation\Http\Middleware\VerifyCsrfToken->handle() /home/ubuntu/workspace/app/Http/Middleware/VerifyCsrfToken.php:17
[13-Dec-2015 10:20:13 UTC] PHP  19. Illuminate\Pipeline\Pipeline->Illuminate\Pipeline\{closure}() /home/ubuntu/workspace/vendor/laravel/framework/src/Illuminate/Foundation/Http/Middleware/VerifyCsrfToken.php:43
[13-Dec-2015 10:20:13 UTC] PHP  20. call_user_func:{/home/ubuntu/workspace/vendor/laravel/framework/src/Illuminate/Pipeline/Pipeline.php:141}() /home/ubuntu/workspace/vendor/laravel/framework/src/Illuminate/Pipeline/Pipeline.php:141
[13-Dec-2015 10:20:13 UTC] PHP  21. Illuminate\Foundation\Http\Kernel->Illuminate\Foundation\Http\{closure}() /home/ubuntu/workspace/vendor/laravel/framework/src/Illuminate/Pipeline/Pipeline.php:141
[13-Dec-2015 10:20:13 UTC] PHP  22. Illuminate\Routing\Router->dispatch() /home/ubuntu/workspace/vendor/laravel/framework/src/Illuminate/Foundation/Http/Kernel.php:214
[13-Dec-2015 10:20:13 UTC] PHP  23. Illuminate\Routing\Router->dispatchToRoute() /home/ubuntu/workspace/vendor/laravel/framework/src/Illuminate/Routing/Router.php:628
[13-Dec-2015 10:20:13 UTC] PHP  24. Illuminate\Routing\Router->runRouteWithinStack() /home/ubuntu/workspace/vendor/laravel/framework/src/Illuminate/Routing/Router.php:670
[13-Dec-2015 10:20:13 UTC] PHP  25. Illuminate\Pipeline\Pipeline->then() /home/ubuntu/workspace/vendor/laravel/framework/src/Illuminate/Routing/Router.php:703
[13-Dec-2015 10:20:13 UTC] PHP  26. call_user_func:{/home/ubuntu/workspace/vendor/laravel/framework/src/Illuminate/Pipeline/Pipeline.php:101}() /home/ubuntu/workspace/vendor/laravel/framework/src/Illuminate/Pipeline/Pipeline.php:101
[13-Dec-2015 10:20:13 UTC] PHP  27. Illuminate\Pipeline\Pipeline->Illuminate\Pipeline\{closure}() /home/ubuntu/workspace/vendor/laravel/framework/src/Illuminate/Pipeline/Pipeline.php:101
[13-Dec-2015 10:20:13 UTC] PHP  28. call_user_func:{/home/ubuntu/workspace/vendor/laravel/framework/src/Illuminate/Pipeline/Pipeline.php:141}() /home/ubuntu/workspace/vendor/laravel/framework/src/Illuminate/Pipeline/Pipeline.php:141
[13-Dec-2015 10:20:13 UTC] PHP  29. Illuminate\Routing\Router->Illuminate\Routing\{closure}() /home/ubuntu/workspace/vendor/laravel/framework/src/Illuminate/Pipeline/Pipeline.php:141
[13-Dec-2015 10:20:13 UTC] PHP  30. Illuminate\Routing\Router->prepareResponse() /home/ubuntu/workspace/vendor/laravel/framework/src/Illuminate/Routing/Router.php:702
[13-Dec-2015 10:20:13 UTC] PHP  31. Symfony\Component\HttpFoundation\Response->__construct() /home/ubuntu/workspace/vendor/laravel/framework/src/Illuminate/Routing/Router.php:1198
[13-Dec-2015 10:20:13 UTC] PHP  32. Illuminate\Http\Response->setContent() /home/ubuntu/workspace/vendor/symfony/http-foundation/Symfony/Component/HttpFoundation/Response.php:202
[13-Dec-2015 10:20:13 UTC] PHP  33. Illuminate\View\View->render() /home/ubuntu/workspace/vendor/laravel/framework/src/Illuminate/Http/Response.php:44
[13-Dec-2015 10:20:13 UTC] PHP  34. Illuminate\View\View->renderContents() /home/ubuntu/workspace/vendor/laravel/framework/src/Illuminate/View/View.php:78
[13-Dec-2015 10:20:13 UTC] PHP  35. Illuminate\View\View->getContents() /home/ubuntu/workspace/vendor/laravel/framework/src/Illuminate/View/View.php:104
[13-Dec-2015 10:20:13 UTC] PHP  36. Illuminate\View\Engines\CompilerEngine->get() /home/ubuntu/workspace/vendor/laravel/framework/src/Illuminate/View/View.php:136
[13-Dec-2015 10:20:13 UTC] PHP  37. Illuminate\View\Engines\PhpEngine->evaluatePath() /home/ubuntu/workspace/vendor/laravel/framework/src/Illuminate/View/Engines/CompilerEngine.php:57
[13-Dec-2015 18:16:02 UTC] PHP Fatal error:  Class 'App\Item' not found in /home/ubuntu/workspace/vendor/laravel/framework/src/Illuminate/Database/Eloquent/Model.php on line 878
[13-Dec-2015 18:16:02 UTC] PHP Stack trace:
[13-Dec-2015 18:16:02 UTC] PHP   1. {main}() /home/ubuntu/workspace/public/index.php:0
[13-Dec-2015 18:16:02 UTC] PHP   2. Illuminate\Foundation\Http\Kernel->handle() /home/ubuntu/workspace/public/index.php:53
[13-Dec-2015 18:16:02 UTC] PHP   3. Illuminate\Foundation\Http\Kernel->sendRequestThroughRouter() /home/ubuntu/workspace/vendor/laravel/framework/src/Illuminate/Foundation/Http/Kernel.php:84
[13-Dec-2015 18:16:02 UTC] PHP   4. Illuminate\Pipeline\Pipeline->then() /home/ubuntu/workspace/vendor/laravel/framework/src/Illuminate/Foundation/Http/Kernel.php:115
[13-Dec-2015 18:16:02 UTC] PHP   5. call_user_func:{/home/ubuntu/workspace/vendor/laravel/framework/src/Illuminate/Pipeline/Pipeline.php:101}() /home/ubuntu/workspace/vendor/laravel/framework/src/Illuminate/Pipeline/Pipeline.php:101
[13-Dec-2015 18:16:02 UTC] PHP   6. Illuminate\Pipeline\Pipeline->Illuminate\Pipeline\{closure}() /home/ubuntu/workspace/vendor/laravel/framework/src/Illuminate/Pipeline/Pipeline.php:101
[13-Dec-2015 18:16:02 UTC] PHP   7. Illuminate\Foundation\Http\Middleware\CheckForMaintenanceMode->handle() /home/ubuntu/workspace/vendor/laravel/framework/src/Illuminate/Pipeline/Pipeline.php:125
[13-Dec-2015 18:16:02 UTC] PHP   8. Illuminate\Pipeline\Pipeline->Illuminate\Pipeline\{closure}() /home/ubuntu/workspace/vendor/laravel/framework/src/Illuminate/Foundation/Http/Middleware/CheckForMaintenanceMode.php:42
[13-Dec-2015 18:16:02 UTC] PHP   9. Illuminate\Cookie\Middleware\EncryptCookies->handle() /home/ubuntu/workspace/vendor/laravel/framework/src/Illuminate/Pipeline/Pipeline.php:125
[13-Dec-2015 18:16:02 UTC] PHP  10. Illuminate\Pipeline\Pipeline->Illuminate\Pipeline\{closure}() /home/ubuntu/workspace/vendor/laravel/framework/src/Illuminate/Cookie/Middleware/EncryptCookies.php:40
[13-Dec-2015 18:16:02 UTC] PHP  11. Illuminate\Cookie\Middleware\AddQueuedCookiesToResponse->handle() /home/ubuntu/workspace/vendor/laravel/framework/src/Illuminate/Pipeline/Pipeline.php:125
[13-Dec-2015 18:16:02 UTC] PHP  12. Illuminate\Pipeline\Pipeline->Illuminate\Pipeline\{closure}() /home/ubuntu/workspace/vendor/laravel/framework/src/Illuminate/Cookie/Middleware/AddQueuedCookiesToResponse.php:36
[13-Dec-2015 18:16:02 UTC] PHP  13. Illuminate\Session\Middleware\StartSession->handle() /home/ubuntu/workspace/vendor/laravel/framework/src/Illuminate/Pipeline/Pipeline.php:125
[13-Dec-2015 18:16:02 UTC] PHP  14. Illuminate\Pipeline\Pipeline->Illuminate\Pipeline\{closure}() /home/ubuntu/workspace/vendor/laravel/framework/src/Illuminate/Session/Middleware/StartSession.php:61
[13-Dec-2015 18:16:02 UTC] PHP  15. Illuminate\View\Middleware\ShareErrorsFromSession->handle() /home/ubuntu/workspace/vendor/laravel/framework/src/Illuminate/Pipeline/Pipeline.php:125
[13-Dec-2015 18:16:02 UTC] PHP  16. Illuminate\Pipeline\Pipeline->Illuminate\Pipeline\{closure}() /home/ubuntu/workspace/vendor/laravel/framework/src/Illuminate/View/Middleware/ShareErrorsFromSession.php:55
[13-Dec-2015 18:16:02 UTC] PHP  17. ToDoApp\Http\Middleware\VerifyCsrfToken->handle() /home/ubuntu/workspace/vendor/laravel/framework/src/Illuminate/Pipeline/Pipeline.php:125
[13-Dec-2015 18:16:02 UTC] PHP  18. Illuminate\Foundation\Http\Middleware\VerifyCsrfToken->handle() /home/ubuntu/workspace/app/Http/Middleware/VerifyCsrfToken.php:17
[13-Dec-2015 18:16:02 UTC] PHP  19. Illuminate\Pipeline\Pipeline->Illuminate\Pipeline\{closure}() /home/ubuntu/workspace/vendor/laravel/framework/src/Illuminate/Foundation/Http/Middleware/VerifyCsrfToken.php:43
[13-Dec-2015 18:16:02 UTC] PHP  20. call_user_func:{/home/ubuntu/workspace/vendor/laravel/framework/src/Illuminate/Pipeline/Pipeline.php:141}() /home/ubuntu/workspace/vendor/laravel/framework/src/Illuminate/Pipeline/Pipeline.php:141
[13-Dec-2015 18:16:02 UTC] PHP  21. Illuminate\Foundation\Http\Kernel->Illuminate\Foundation\Http\{closure}() /home/ubuntu/workspace/vendor/laravel/framework/src/Illuminate/Pipeline/Pipeline.php:141
[13-Dec-2015 18:16:02 UTC] PHP  22. Illuminate\Routing\Router->dispatch() /home/ubuntu/workspace/vendor/laravel/framework/src/Illuminate/Foundation/Http/Kernel.php:214
[13-Dec-2015 18:16:02 UTC] PHP  23. Illuminate\Routing\Router->dispatchToRoute() /home/ubuntu/workspace/vendor/laravel/framework/src/Illuminate/Routing/Router.php:628
[13-Dec-2015 18:16:02 UTC] PHP  24. Illuminate\Routing\Router->runRouteWithinStack() /home/ubuntu/workspace/vendor/laravel/framework/src/Illuminate/Routing/Router.php:670
[13-Dec-2015 18:16:02 UTC] PHP  25. Illuminate\Pipeline\Pipeline->then() /home/ubuntu/workspace/vendor/laravel/framework/src/Illuminate/Routing/Router.php:703
[13-Dec-2015 18:16:02 UTC] PHP  26. call_user_func:{/home/ubuntu/workspace/vendor/laravel/framework/src/Illuminate/Pipeline/Pipeline.php:101}() /home/ubuntu/workspace/vendor/laravel/framework/src/Illuminate/Pipeline/Pipeline.php:101
[13-Dec-2015 18:16:02 UTC] PHP  27. Illuminate\Pipeline\Pipeline->Illuminate\Pipeline\{closure}() /home/ubuntu/workspace/vendor/laravel/framework/src/Illuminate/Pipeline/Pipeline.php:101
[13-Dec-2015 18:16:02 UTC] PHP  28. call_user_func:{/home/ubuntu/workspace/vendor/laravel/framework/src/Illuminate/Pipeline/Pipeline.php:141}() /home/ubuntu/workspace/vendor/laravel/framework/src/Illuminate/Pipeline/Pipeline.php:141
[13-Dec-2015 18:16:02 UTC] PHP  29. Illuminate\Routing\Router->Illuminate\Routing\{closure}() /home/ubuntu/workspace/vendor/laravel/framework/src/Illuminate/Pipeline/Pipeline.php:141
[13-Dec-2015 18:16:02 UTC] PHP  30. Illuminate\Routing\Router->prepareResponse() /home/ubuntu/workspace/vendor/laravel/framework/src/Illuminate/Routing/Router.php:702
[13-Dec-2015 18:16:02 UTC] PHP  31. Symfony\Component\HttpFoundation\Response->__construct() /home/ubuntu/workspace/vendor/laravel/framework/src/Illuminate/Routing/Router.php:1198
[13-Dec-2015 18:16:02 UTC] PHP  32. Illuminate\Http\Response->setContent() /home/ubuntu/workspace/vendor/symfony/http-foundation/Symfony/Component/HttpFoundation/Response.php:202
[13-Dec-2015 18:16:02 UTC] PHP  33. Illuminate\View\View->render() /home/ubuntu/workspace/vendor/laravel/framework/src/Illuminate/Http/Response.php:44
[13-Dec-2015 18:16:02 UTC] PHP  34. Illuminate\View\View->renderContents() /home/ubuntu/workspace/vendor/laravel/framework/src/Illuminate/View/View.php:78
[13-Dec-2015 18:16:02 UTC] PHP  35. Illuminate\View\View->getContents() /home/ubuntu/workspace/vendor/laravel/framework/src/Illuminate/View/View.php:104
[13-Dec-2015 18:16:02 UTC] PHP  36. Illuminate\View\Engines\CompilerEngine->get() /home/ubuntu/workspace/vendor/laravel/framework/src/Illuminate/View/View.php:136
[13-Dec-2015 18:16:02 UTC] PHP  37. Illuminate\View\Engines\PhpEngine->evaluatePath() /home/ubuntu/workspace/vendor/laravel/framework/src/Illuminate/View/Engines/CompilerEngine.php:57
[13-Dec-2015 18:16:02 UTC] PHP  38. include() /home/ubuntu/workspace/vendor/laravel/framework/src/Illuminate/View/Engines/PhpEngine.php:39
[13-Dec-2015 18:16:02 UTC] PHP  39. Illuminate\Database\Eloquent\Model->__get() /home/ubuntu/workspace/vendor/laravel/framework/src/Illuminate/View/Engines/PhpEngine.php:8
[13-Dec-2015 18:16:02 UTC] PHP  40. Illuminate\Database\Eloquent\Model->getAttribute() /home/ubuntu/workspace/vendor/laravel/framework/src/Illuminate/Database/Eloquent/Model.php:3263
[13-Dec-2015 18:16:02 UTC] PHP  41. Illuminate\Database\Eloquent\Model->getRelationshipFromMethod() /home/ubuntu/workspace/vendor/laravel/framework/src/Illuminate/Database/Eloquent/Model.php:2573
[13-Dec-2015 18:16:02 UTC] PHP  42. ToDoApp\Todolist->items() /home/ubuntu/workspace/vendor/laravel/framework/src/Illuminate/Database/Eloquent/Model.php:2638
[13-Dec-2015 18:16:02 UTC] PHP  43. Illuminate\Database\Eloquent\Model->hasMany() /home/ubuntu/workspace/app/Todolist.php:12
[13-Dec-2015 18:51:50 UTC] PHP Fatal error:  Class 'ToDoApp\Http\Controllers\Auth' not found in /home/ubuntu/workspace/app/Http/Controllers/TodolistsController.php on line 39
[13-Dec-2015 18:51:50 UTC] PHP Stack trace:
[13-Dec-2015 18:51:50 UTC] PHP   1. {main}() /home/ubuntu/workspace/public/index.php:0
[13-Dec-2015 18:51:50 UTC] PHP   2. Illuminate\Foundation\Http\Kernel->handle() /home/ubuntu/workspace/public/index.php:53
[13-Dec-2015 18:51:50 UTC] PHP   3. Illuminate\Foundation\Http\Kernel->sendRequestThroughRouter() /home/ubuntu/workspace/vendor/laravel/framework/src/Illuminate/Foundation/Http/Kernel.php:84
[13-Dec-2015 18:51:50 UTC] PHP   4. Illuminate\Pipeline\Pipeline->then() /home/ubuntu/workspace/vendor/laravel/framework/src/Illuminate/Foundation/Http/Kernel.php:115
[13-Dec-2015 18:51:50 UTC] PHP   5. call_user_func:{/home/ubuntu/workspace/vendor/laravel/framework/src/Illuminate/Pipeline/Pipeline.php:101}() /home/ubuntu/workspace/vendor/laravel/framework/src/Illuminate/Pipeline/Pipeline.php:101
[13-Dec-2015 18:51:50 UTC] PHP   6. Illuminate\Pipeline\Pipeline->Illuminate\Pipeline\{closure}() /home/ubuntu/workspace/vendor/laravel/framework/src/Illuminate/Pipeline/Pipeline.php:101
[13-Dec-2015 18:51:50 UTC] PHP   7. Illuminate\Foundation\Http\Middleware\CheckForMaintenanceMode->handle() /home/ubuntu/workspace/vendor/laravel/framework/src/Illuminate/Pipeline/Pipeline.php:125
[13-Dec-2015 18:51:50 UTC] PHP   8. Illuminate\Pipeline\Pipeline->Illuminate\Pipeline\{closure}() /home/ubuntu/workspace/vendor/laravel/framework/src/Illuminate/Foundation/Http/Middleware/CheckForMaintenanceMode.php:42
[13-Dec-2015 18:51:50 UTC] PHP   9. Illuminate\Cookie\Middleware\EncryptCookies->handle() /home/ubuntu/workspace/vendor/laravel/framework/src/Illuminate/Pipeline/Pipeline.php:125
[13-Dec-2015 18:51:50 UTC] PHP  10. Illuminate\Pipeline\Pipeline->Illuminate\Pipeline\{closure}() /home/ubuntu/workspace/vendor/laravel/framework/src/Illuminate/Cookie/Middleware/EncryptCookies.php:40
[13-Dec-2015 18:51:50 UTC] PHP  11. Illuminate\Cookie\Middleware\AddQueuedCookiesToResponse->handle() /home/ubuntu/workspace/vendor/laravel/framework/src/Illuminate/Pipeline/Pipeline.php:125
[13-Dec-2015 18:51:50 UTC] PHP  12. Illuminate\Pipeline\Pipeline->Illuminate\Pipeline\{closure}() /home/ubuntu/workspace/vendor/laravel/framework/src/Illuminate/Cookie/Middleware/AddQueuedCookiesToResponse.php:36
[13-Dec-2015 18:51:50 UTC] PHP  13. Illuminate\Session\Middleware\StartSession->handle() /home/ubuntu/workspace/vendor/laravel/framework/src/Illuminate/Pipeline/Pipeline.php:125
[13-Dec-2015 18:51:50 UTC] PHP  14. Illuminate\Pipeline\Pipeline->Illuminate\Pipeline\{closure}() /home/ubuntu/workspace/vendor/laravel/framework/src/Illuminate/Session/Middleware/StartSession.php:61
[13-Dec-2015 18:51:50 UTC] PHP  15. Illuminate\View\Middleware\ShareErrorsFromSession->handle() /home/ubuntu/workspace/vendor/laravel/framework/src/Illuminate/Pipeline/Pipeline.php:125
[13-Dec-2015 18:51:50 UTC] PHP  16. Illuminate\Pipeline\Pipeline->Illuminate\Pipeline\{closure}() /home/ubuntu/workspace/vendor/laravel/framework/src/Illuminate/View/Middleware/ShareErrorsFromSession.php:55
[13-Dec-2015 18:51:50 UTC] PHP  17. ToDoApp\Http\Middleware\VerifyCsrfToken->handle() /home/ubuntu/workspace/vendor/laravel/framework/src/Illuminate/Pipeline/Pipeline.php:125
[13-Dec-2015 18:51:50 UTC] PHP  18. Illuminate\Foundation\Http\Middleware\VerifyCsrfToken->handle() /home/ubuntu/workspace/app/Http/Middleware/VerifyCsrfToken.php:17
[13-Dec-2015 18:51:50 UTC] PHP  19. Illuminate\Pipeline\Pipeline->Illuminate\Pipeline\{closure}() /home/ubuntu/workspace/vendor/laravel/framework/src/Illuminate/Foundation/Http/Middleware/VerifyCsrfToken.php:43
[13-Dec-2015 18:51:50 UTC] PHP  20. call_user_func:{/home/ubuntu/workspace/vendor/laravel/framework/src/Illuminate/Pipeline/Pipeline.php:141}() /home/ubuntu/workspace/vendor/laravel/framework/src/Illuminate/Pipeline/Pipeline.php:141
[13-Dec-2015 18:51:50 UTC] PHP  21. Illuminate\Foundation\Http\Kernel->Illuminate\Foundation\Http\{closure}() /home/ubuntu/workspace/vendor/laravel/framework/src/Illuminate/Pipeline/Pipeline.php:141
[13-Dec-2015 18:51:50 UTC] PHP  22. Illuminate\Routing\Router->dispatch() /home/ubuntu/workspace/vendor/laravel/framework/src/Illuminate/Foundation/Http/Kernel.php:214
[13-Dec-2015 18:51:50 UTC] PHP  23. Illuminate\Routing\Router->dispatchToRoute() /home/ubuntu/workspace/vendor/laravel/framework/src/Illuminate/Routing/Router.php:628
[13-Dec-2015 18:51:50 UTC] PHP  24. Illuminate\Routing\Router->runRouteWithinStack() /home/ubuntu/workspace/vendor/laravel/framework/src/Illuminate/Routing/Router.php:670
[13-Dec-2015 18:51:50 UTC] PHP  25. Illuminate\Pipeline\Pipeline->then() /home/ubuntu/workspace/vendor/laravel/framework/src/Illuminate/Routing/Router.php:703
[13-Dec-2015 18:51:50 UTC] PHP  26. call_user_func:{/home/ubuntu/workspace/vendor/laravel/framework/src/Illuminate/Pipeline/Pipeline.php:101}() /home/ubuntu/workspace/vendor/laravel/framework/src/Illuminate/Pipeline/Pipeline.php:101
[13-Dec-2015 18:51:50 UTC] PHP  27. Illuminate\Pipeline\Pipeline->Illuminate\Pipeline\{closure}() /home/ubuntu/workspace/vendor/laravel/framework/src/Illuminate/Pipeline/Pipeline.php:101
[13-Dec-2015 18:51:50 UTC] PHP  28. call_user_func:{/home/ubuntu/workspace/vendor/laravel/framework/src/Illuminate/Pipeline/Pipeline.php:141}() /home/ubuntu/workspace/vendor/laravel/framework/src/Illuminate/Pipeline/Pipeline.php:141
[13-Dec-2015 18:51:50 UTC] PHP  29. Illuminate\Routing\Router->Illuminate\Routing\{closure}() /home/ubuntu/workspace/vendor/laravel/framework/src/Illuminate/Pipeline/Pipeline.php:141
[13-Dec-2015 18:51:50 UTC] PHP  30. Illuminate\Routing\Route->run() /home/ubuntu/workspace/vendor/laravel/framework/src/Illuminate/Routing/Router.php:701
[13-Dec-2015 18:51:50 UTC] PHP  31. Illuminate\Routing\Route->runWithCustomDispatcher() /home/ubuntu/workspace/vendor/laravel/framework/src/Illuminate/Routing/Route.php:134
[13-Dec-2015 18:51:50 UTC] PHP  32. Illuminate\Routing\ControllerDispatcher->dispatch() /home/ubuntu/workspace/vendor/laravel/framework/src/Illuminate/Routing/Route.php:204
[13-Dec-2015 18:51:50 UTC] PHP  33. Illuminate\Routing\ControllerDispatcher->callWithinStack() /home/ubuntu/workspace/vendor/laravel/framework/src/Illuminate/Routing/ControllerDispatcher.php:67
[13-Dec-2015 18:51:50 UTC] PHP  34. Illuminate\Pipeline\Pipeline->then() /home/ubuntu/workspace/vendor/laravel/framework/src/Illuminate/Routing/ControllerDispatcher.php:108
[13-Dec-2015 18:51:50 UTC] PHP  35. call_user_func:{/home/ubuntu/workspace/vendor/laravel/framework/src/Illuminate/Pipeline/Pipeline.php:101}() /home/ubuntu/workspace/vendor/laravel/framework/src/Illuminate/Pipeline/Pipeline.php:101
[13-Dec-2015 18:51:50 UTC] PHP  36. Illuminate\Pipeline\Pipeline->Illuminate\Pipeline\{closure}() /home/ubuntu/workspace/vendor/laravel/framework/src/Illuminate/Pipeline/Pipeline.php:101
[13-Dec-2015 18:51:50 UTC] PHP  37. ToDoApp\Http\Middleware\Authenticate->handle() /home/ubuntu/workspace/vendor/laravel/framework/src/Illuminate/Pipeline/Pipeline.php:125
[13-Dec-2015 18:51:50 UTC] PHP  38. Illuminate\Pipeline\Pipeline->Illuminate\Pipeline\{closure}() /home/ubuntu/workspace/app/Http/Middleware/Authenticate.php:47
[13-Dec-2015 18:51:50 UTC] PHP  39. call_user_func:{/home/ubuntu/workspace/vendor/laravel/framework/src/Illuminate/Pipeline/Pipeline.php:141}() /home/ubuntu/workspace/vendor/laravel/framework/src/Illuminate/Pipeline/Pipeline.php:141
[13-Dec-2015 18:51:50 UTC] PHP  40. Illuminate\Routing\ControllerDispatcher->Illuminate\Routing\{closure}() /home/ubuntu/workspace/vendor/laravel/framework/src/Illuminate/Pipeline/Pipeline.php:141
[13-Dec-2015 18:51:50 UTC] PHP  41. Illuminate\Routing\ControllerDispatcher->call() /home/ubuntu/workspace/vendor/laravel/framework/src/Illuminate/Routing/ControllerDispatcher.php:107
[13-Dec-2015 18:51:50 UTC] PHP  42. Illuminate\Routing\Controller->callAction() /home/ubuntu/workspace/vendor/laravel/framework/src/Illuminate/Routing/ControllerDispatcher.php:162
[13-Dec-2015 18:51:50 UTC] PHP  43. call_user_func_array:{/home/ubuntu/workspace/vendor/laravel/framework/src/Illuminate/Routing/Controller.php:246}() /home/ubuntu/workspace/vendor/laravel/framework/src/Illuminate/Routing/Controller.php:246
[13-Dec-2015 18:51:50 UTC] PHP  44. ToDoApp\Http\Controllers\TodolistsController->index() /home/ubuntu/workspace/vendor/laravel/framework/src/Illuminate/Routing/Controller.php:246
